WARNING:AHMED:the warning message
WARNING:AHMED:the warning message
ERROR:AHMED:the warning message
CRITICAL:AHMED:the warning message
WARNING:AHMED:the warning message
ERROR:AHMED:the warning message
CRITICAL:AHMED:the warning message
2023-12-14 20:46:08,210 => AHMED | WARNING | the warning message
2023-12-14 20:46:08,210 => AHMED | ERROR | the warning message
2023-12-14 20:46:08,210 => AHMED | CRITICAL | the warning message
14 December 2023 , 20:47:19 => AHMED | WARNING | the warning message
14 December 2023 , 20:47:19 => AHMED | ERROR | the warning message
14 December 2023 , 20:47:19 => AHMED | CRITICAL | the warning message
14 December 2023 , 20:49:44 => AHMED | WARNING | the warning message
14 December 2023 , 20:49:44 => AHMED | ERROR | the warning message
14 December 2023 , 20:49:44 => AHMED | CRITICAL | the warning message
14 December 2023 , 20:50:30 => AHMED | WARNING | the warning message
14 December 2023 , 20:50:30 => AHMED | ERROR | the warning message
14 December 2023 , 20:50:30 => AHMED | CRITICAL | the warning message
14 December 2023 , 20:50:35 => AHMED | WARNING | the warning message
14 December 2023 , 20:50:35 => AHMED | ERROR | the warning message
14 December 2023 , 20:50:35 => AHMED | CRITICAL | the warning message
14 December 2023 , 20:50:37 => AHMED | WARNING | the warning message
14 December 2023 , 20:50:37 => AHMED | ERROR | the warning message
14 December 2023 , 20:50:37 => AHMED | CRITICAL | the warning message
14 December 2023 , 20:50:40 => AHMED | WARNING | the warning message
14 December 2023 , 20:50:40 => AHMED | ERROR | the warning message
14 December 2023 , 20:50:40 => AHMED | CRITICAL | the warning message
14 December 2023 , 20:50:41 => AHMED | WARNING | the warning message
14 December 2023 , 20:50:41 => AHMED | ERROR | the warning message
14 December 2023 , 20:50:41 => AHMED | CRITICAL | the warning message
14 December 2023 , 20:50:42 => AHMED | WARNING | the warning message
14 December 2023 , 20:50:42 => AHMED | ERROR | the warning message
14 December 2023 , 20:50:42 => AHMED | CRITICAL | the warning message
14 December 2023 , 20:50:43 => AHMED | WARNING | the warning message
14 December 2023 , 20:50:43 => AHMED | ERROR | the warning message
14 December 2023 , 20:50:43 => AHMED | CRITICAL | the warning message
14 December 2023 , 20:50:43 => AHMED | WARNING | the warning message
14 December 2023 , 20:50:43 => AHMED | ERROR | the warning message
14 December 2023 , 20:50:43 => AHMED | CRITICAL | the warning message
14 December 2023 , 20:50:44 => AHMED | WARNING | the warning message
14 December 2023 , 20:50:44 => AHMED | ERROR | the warning message
14 December 2023 , 20:50:44 => AHMED | CRITICAL | the warning message
14 December 2023 , 20:50:44 => AHMED | WARNING | the warning message
14 December 2023 , 20:50:44 => AHMED | ERROR | the warning message
14 December 2023 , 20:50:44 => AHMED | CRITICAL | the warning message
14 December 2023 , 20:50:45 => AHMED | WARNING | the warning message
14 December 2023 , 20:50:45 => AHMED | ERROR | the warning message
14 December 2023 , 20:50:45 => AHMED | CRITICAL | the warning message
14 December 2023 , 20:50:46 => AHMED | WARNING | the warning message
14 December 2023 , 20:50:46 => AHMED | ERROR | the warning message
14 December 2023 , 20:50:46 => AHMED | CRITICAL | the warning message
14 December 2023 , 20:51:01 => AHMED | WARNING | the warning message
14 December 2023 , 20:51:01 => AHMED | ERROR | the warning message
14 December 2023 , 20:51:01 => AHMED | CRITICAL | the warning message
14 December 2023 , 20:51:11 => AHMED | WARNING | the warning message
14 December 2023 , 20:51:11 => AHMED | ERROR | the warning message
14 December 2023 , 20:51:11 => AHMED | CRITICAL | the warning message
14 December 2023 , 20:51:26 => AHMED | WARNING | the warning message
14 December 2023 , 20:51:26 => AHMED | ERROR | the warning message
14 December 2023 , 20:51:26 => AHMED | CRITICAL | the warning message
14 December 2023 , 20:51:27 => AHMED | WARNING | the warning message
14 December 2023 , 20:51:27 => AHMED | ERROR | the warning message
14 December 2023 , 20:51:27 => AHMED | CRITICAL | the warning message
14 December 2023 , 20:51:28 => AHMED | WARNING | the warning message
14 December 2023 , 20:51:28 => AHMED | ERROR | the warning message
14 December 2023 , 20:51:28 => AHMED | CRITICAL | the warning message
14 December 2023 , 20:51:29 => AHMED | WARNING | the warning message
14 December 2023 , 20:51:29 => AHMED | ERROR | the warning message
14 December 2023 , 20:51:29 => AHMED | CRITICAL | the warning message
14 December 2023 , 20:51:29 => AHMED | WARNING | the warning message
14 December 2023 , 20:51:29 => AHMED | ERROR | the warning message
14 December 2023 , 20:51:29 => AHMED | CRITICAL | the warning message
14 December 2023 , 20:51:30 => AHMED | WARNING | the warning message
14 December 2023 , 20:51:30 => AHMED | ERROR | the warning message
14 December 2023 , 20:51:30 => AHMED | CRITICAL | the warning message
14 December 2023 , 20:51:31 => AHMED | WARNING | the warning message
14 December 2023 , 20:51:31 => AHMED | ERROR | the warning message
14 December 2023 , 20:51:31 => AHMED | CRITICAL | the warning message
14 December 2023 , 20:51:31 => AHMED | WARNING | the warning message
14 December 2023 , 20:51:31 => AHMED | ERROR | the warning message
14 December 2023 , 20:51:31 => AHMED | CRITICAL | the warning message
14 December 2023 , 20:51:32 => AHMED | WARNING | the warning message
14 December 2023 , 20:51:32 => AHMED | ERROR | the warning message
14 December 2023 , 20:51:32 => AHMED | CRITICAL | the warning message
14 December 2023 , 20:51:36 => AHMED | WARNING | the warning message
14 December 2023 , 20:51:36 => AHMED | ERROR | the warning message
14 December 2023 , 20:51:36 => AHMED | CRITICAL | the warning message
14 December 2023 , 20:51:37 => AHMED | WARNING | the warning message
14 December 2023 , 20:51:37 => AHMED | ERROR | the warning message
14 December 2023 , 20:51:37 => AHMED | CRITICAL | the warning message
14 December 2023 , 20:51:38 => AHMED | WARNING | the warning message
14 December 2023 , 20:51:38 => AHMED | ERROR | the warning message
14 December 2023 , 20:51:38 => AHMED | CRITICAL | the warning message
14 December 2023 , 20:51:40 => AHMED | WARNING | the warning message
14 December 2023 , 20:51:40 => AHMED | ERROR | the warning message
14 December 2023 , 20:51:40 => AHMED | CRITICAL | the warning message
14 December 2023 , 20:51:41 => AHMED | WARNING | the warning message
14 December 2023 , 20:51:41 => AHMED | ERROR | the warning message
14 December 2023 , 20:51:41 => AHMED | CRITICAL | the warning message
14 December 2023 , 20:53:16 => AHMED | WARNING | the warning message
14 December 2023 , 20:53:16 => AHMED | ERROR | the warning message
14 December 2023 , 20:53:16 => AHMED | CRITICAL | the warning message
14 December 2023 , 20:55:55 => AHMED | WARNING | the warning message
14 December 2023 , 20:55:55 => AHMED | ERROR | the warning message
14 December 2023 , 20:55:55 => AHMED | CRITICAL | the warning message
14 December 2023 , 20:56:01 => AHMED | WARNING | the warning message
14 December 2023 , 20:56:01 => AHMED | ERROR | the warning message
14 December 2023 , 20:56:01 => AHMED | CRITICAL | the warning message
14 December 2023 , 20:56:02 => AHMED | WARNING | the warning message
14 December 2023 , 20:56:02 => AHMED | ERROR | the warning message
14 December 2023 , 20:56:02 => AHMED | CRITICAL | the warning message
14 December 2023 , 20:56:10 => AHMED | WARNING | the warning message
14 December 2023 , 20:56:10 => AHMED | ERROR | the warning message
14 December 2023 , 20:56:10 => AHMED | CRITICAL | the warning message
14 December 2023 , 20:56:14 => AHMED | WARNING | the warning message
14 December 2023 , 20:56:14 => AHMED | ERROR | the warning message
14 December 2023 , 20:56:14 => AHMED | CRITICAL | the warning message
14 December 2023 , 20:56:15 => AHMED | WARNING | the warning message
14 December 2023 , 20:56:15 => AHMED | ERROR | the warning message
14 December 2023 , 20:56:15 => AHMED | CRITICAL | the warning message
14 December 2023 , 20:56:16 => AHMED | WARNING | the warning message
14 December 2023 , 20:56:16 => AHMED | ERROR | the warning message
14 December 2023 , 20:56:16 => AHMED | CRITICAL | the warning message
14 December 2023 , 20:56:17 => AHMED | WARNING | the warning message
14 December 2023 , 20:56:17 => AHMED | ERROR | the warning message
14 December 2023 , 20:56:17 => AHMED | CRITICAL | the warning message
14 December 2023 , 20:56:18 => AHMED | WARNING | the warning message
14 December 2023 , 20:56:18 => AHMED | ERROR | the warning message
14 December 2023 , 20:56:18 => AHMED | CRITICAL | the warning message
14 December 2023 , 20:56:19 => AHMED | WARNING | the warning message
14 December 2023 , 20:56:19 => AHMED | ERROR | the warning message
14 December 2023 , 20:56:19 => AHMED | CRITICAL | the warning message
14 December 2023 , 20:56:19 => AHMED | WARNING | the warning message
14 December 2023 , 20:56:19 => AHMED | ERROR | the warning message
14 December 2023 , 20:56:19 => AHMED | CRITICAL | the warning message
14 December 2023 , 20:56:21 => AHMED | WARNING | the warning message
14 December 2023 , 20:56:21 => AHMED | ERROR | the warning message
14 December 2023 , 20:56:21 => AHMED | CRITICAL | the warning message
14 December 2023 , 20:56:22 => AHMED | WARNING | the warning message
14 December 2023 , 20:56:22 => AHMED | ERROR | the warning message
14 December 2023 , 20:56:22 => AHMED | CRITICAL | the warning message
